0 info it worked if it ends with ok
1 verbose cli [ 'C:\\Program Files (x86)\\Microsoft Visual Studio\\2017\\Professional\\Web\\External\\Node.exe',
1 verbose cli   'C:\\Program Files (x86)\\Microsoft Visual Studio\\2017\\Professional\\Web\\External\\node_modules\\npm\\bin\\npm-cli.js',
1 verbose cli   'install' ]
2 info using npm@3.3.4
3 info using node@v5.4.1
4 silly loadCurrentTree Starting
5 silly install loadCurrentTree
6 silly install readLocalPackageData
7 silly install normalizeTree
8 silly loadCurrentTree Finishing
9 silly loadIdealTree Starting
10 silly install loadIdealTree
11 silly cloneCurrentTree Starting
12 silly install cloneCurrentTreeToIdealTree
13 silly cloneCurrentTree Finishing
14 silly loadShrinkwrap Starting
15 silly install loadShrinkwrap
16 silly loadShrinkwrap Finishing
17 silly loadAllDepsIntoIdealTree Starting
18 silly install loadAllDepsIntoIdealTree
19 silly fetchNamedPackageData node
20 silly mapToRegistry name node
21 silly mapToRegistry using default registry
22 silly mapToRegistry registry https://registry.npmjs.org/
23 silly mapToRegistry uri https://registry.npmjs.org/node
24 verbose request uri https://registry.npmjs.org/node
25 verbose request no auth needed
26 info attempt registry request try #1 at 9:47:54 PM
27 verbose request id 9df1f8b21c4a8bb4
28 http request GET https://registry.npmjs.org/node
29 http 200 https://registry.npmjs.org/node
30 verbose headers { server: 'nginx/1.10.3',
30 verbose headers   'content-type': 'application/json',
30 verbose headers   'last-modified': 'Wed, 01 Nov 2017 01:57:11 GMT',
30 verbose headers   etag: 'W/"59f929f7-5003a"',
30 verbose headers   'content-encoding': 'gzip',
30 verbose headers   'cache-control': 'max-age=300',
30 verbose headers   'content-length': '52827',
30 verbose headers   'accept-ranges': 'bytes',
30 verbose headers   date: 'Thu, 09 Nov 2017 04:47:54 GMT',
30 verbose headers   via: '1.1 varnish',
30 verbose headers   age: '266',
30 verbose headers   connection: 'keep-alive',
30 verbose headers   'x-served-by': 'cache-sjc3643-SJC',
30 verbose headers   'x-cache': 'HIT',
30 verbose headers   'x-cache-hits': '1',
30 verbose headers   'x-timer': 'S1510202875.869180,VS0,VE1',
30 verbose headers   vary: 'Accept-Encoding, Accept' }
31 silly get cb [ 200,
31 silly get   { server: 'nginx/1.10.3',
31 silly get     'content-type': 'application/json',
31 silly get     'last-modified': 'Wed, 01 Nov 2017 01:57:11 GMT',
31 silly get     etag: 'W/"59f929f7-5003a"',
31 silly get     'content-encoding': 'gzip',
31 silly get     'cache-control': 'max-age=300',
31 silly get     'content-length': '52827',
31 silly get     'accept-ranges': 'bytes',
31 silly get     date: 'Thu, 09 Nov 2017 04:47:54 GMT',
31 silly get     via: '1.1 varnish',
31 silly get     age: '266',
31 silly get     connection: 'keep-alive',
31 silly get     'x-served-by': 'cache-sjc3643-SJC',
31 silly get     'x-cache': 'HIT',
31 silly get     'x-cache-hits': '1',
31 silly get     'x-timer': 'S1510202875.869180,VS0,VE1',
31 silly get     vary: 'Accept-Encoding, Accept' } ]
32 verbose get saving node to C:\Users\Deidra\AppData\Roaming\npm-cache\registry.npmjs.org\node\.cache.json
33 silly resolveWithNewModule node@8.5.0 checking installable status
34 warn engine node@8.5.0: wanted: {"npm":">=5.0.0"} (current: {"node":"5.4.1","npm":"3.3.4"})
35 silly cache add args [ 'node@8.5.0', null ]
36 verbose cache add spec node@8.5.0
37 silly cache add parsed spec Result {
37 silly cache add   raw: 'node@8.5.0',
37 silly cache add   scope: null,
37 silly cache add   name: 'node',
37 silly cache add   rawSpec: '8.5.0',
37 silly cache add   spec: '8.5.0',
37 silly cache add   type: 'version' }
38 silly addNamed node@8.5.0
39 verbose addNamed "8.5.0" is a plain semver version for node
40 silly mapToRegistry name node
41 silly mapToRegistry using default registry
42 silly mapToRegistry registry https://registry.npmjs.org/
43 silly mapToRegistry uri https://registry.npmjs.org/node
44 verbose addNameVersion registry:https://registry.npmjs.org/node not in flight; fetching
45 verbose get https://registry.npmjs.org/node not expired, no request
46 silly mapToRegistry name node
47 silly mapToRegistry using default registry
48 silly mapToRegistry registry https://registry.npmjs.org/
49 silly mapToRegistry uri https://registry.npmjs.org/node
50 verbose addRemoteTarball https://registry.npmjs.org/node/-/node-8.5.0.tgz not in flight; adding
51 verbose addRemoteTarball [ 'https://registry.npmjs.org/node/-/node-8.5.0.tgz',
51 verbose addRemoteTarball   'ca2ceaf9c8bbd6ea27f901da4436b44f9d9c48f4' ]
52 info retry fetch attempt 1 at 9:47:55 PM
53 info attempt registry request try #1 at 9:47:55 PM
54 http fetch GET https://registry.npmjs.org/node/-/node-8.5.0.tgz
55 http fetch 200 https://registry.npmjs.org/node/-/node-8.5.0.tgz
56 silly fetchAndShaCheck shasum ca2ceaf9c8bbd6ea27f901da4436b44f9d9c48f4
57 verbose addTmpTarball C:\Users\Deidra\AppData\Local\Temp\npm-24968-6cd3a3b8\registry.npmjs.org\node\-\node-8.5.0.tgz not in flight; adding
58 verbose addTmpTarball already have metadata; skipping unpack for node@8.5.0
59 silly cache afterAdd node@8.5.0
60 verbose afterAdd C:\Users\Deidra\AppData\Roaming\npm-cache\node\8.5.0\package\package.json not in flight; writing
61 verbose afterAdd C:\Users\Deidra\AppData\Roaming\npm-cache\node\8.5.0\package\package.json written
62 silly fetchNamedPackageData node-bin-setup
63 silly mapToRegistry name node-bin-setup
64 silly mapToRegistry using default registry
65 silly mapToRegistry registry https://registry.npmjs.org/
66 silly mapToRegistry uri https://registry.npmjs.org/node-bin-setup
67 verbose request uri https://registry.npmjs.org/node-bin-setup
68 verbose request no auth needed
69 info attempt registry request try #1 at 9:47:55 PM
70 http request GET https://registry.npmjs.org/node-bin-setup
71 http 200 https://registry.npmjs.org/node-bin-setup
72 verbose headers { server: 'nginx/1.10.1',
72 verbose headers   'content-type': 'application/json',
72 verbose headers   'last-modified': 'Tue, 25 Jul 2017 03:32:58 GMT',
72 verbose headers   etag: 'W/"5976bbea-1511"',
72 verbose headers   'content-encoding': 'gzip',
72 verbose headers   'cache-control': 'max-age=300',
72 verbose headers   'content-length': '1464',
72 verbose headers   'accept-ranges': 'bytes',
72 verbose headers   date: 'Thu, 09 Nov 2017 04:47:56 GMT',
72 verbose headers   via: '1.1 varnish',
72 verbose headers   age: '0',
72 verbose headers   connection: 'keep-alive',
72 verbose headers   'x-served-by': 'cache-sjc3150-SJC',
72 verbose headers   'x-cache': 'MISS',
72 verbose headers   'x-cache-hits': '0',
72 verbose headers   'x-timer': 'S1510202876.101732,VS0,VE20',
72 verbose headers   vary: 'Accept-Encoding, Accept' }
73 silly get cb [ 200,
73 silly get   { server: 'nginx/1.10.1',
73 silly get     'content-type': 'application/json',
73 silly get     'last-modified': 'Tue, 25 Jul 2017 03:32:58 GMT',
73 silly get     etag: 'W/"5976bbea-1511"',
73 silly get     'content-encoding': 'gzip',
73 silly get     'cache-control': 'max-age=300',
73 silly get     'content-length': '1464',
73 silly get     'accept-ranges': 'bytes',
73 silly get     date: 'Thu, 09 Nov 2017 04:47:56 GMT',
73 silly get     via: '1.1 varnish',
73 silly get     age: '0',
73 silly get     connection: 'keep-alive',
73 silly get     'x-served-by': 'cache-sjc3150-SJC',
73 silly get     'x-cache': 'MISS',
73 silly get     'x-cache-hits': '0',
73 silly get     'x-timer': 'S1510202876.101732,VS0,VE20',
73 silly get     vary: 'Accept-Encoding, Accept' } ]
74 verbose get saving node-bin-setup to C:\Users\Deidra\AppData\Roaming\npm-cache\registry.npmjs.org\node-bin-setup\.cache.json
75 silly resolveWithNewModule node-bin-setup@1.0.6 checking installable status
76 silly cache add args [ 'node-bin-setup@^1.0.0', null ]
77 verbose cache add spec node-bin-setup@^1.0.0
78 silly cache add parsed spec Result {
78 silly cache add   raw: 'node-bin-setup@^1.0.0',
78 silly cache add   scope: null,
78 silly cache add   name: 'node-bin-setup',
78 silly cache add   rawSpec: '^1.0.0',
78 silly cache add   spec: '>=1.0.0-0 <2.0.0-0',
78 silly cache add   type: 'range' }
79 silly addNamed node-bin-setup@>=1.0.0-0 <2.0.0-0
80 verbose addNamed ">=1.0.0-0 <2.0.0-0" is a valid semver range for node-bin-setup
81 silly addNameRange { name: 'node-bin-setup',
81 silly addNameRange   range: '>=1.0.0-0 <2.0.0-0',
81 silly addNameRange   hasData: false }
82 silly mapToRegistry name node-bin-setup
83 silly mapToRegistry using default registry
84 silly mapToRegistry registry https://registry.npmjs.org/
85 silly mapToRegistry uri https://registry.npmjs.org/node-bin-setup
86 verbose addNameRange registry:https://registry.npmjs.org/node-bin-setup not in flight; fetching
87 verbose get https://registry.npmjs.org/node-bin-setup not expired, no request
88 silly addNameRange number 2 { name: 'node-bin-setup',
88 silly addNameRange   range: '>=1.0.0-0 <2.0.0-0',
88 silly addNameRange   hasData: true }
89 silly addNameRange versions [ 'node-bin-setup',
89 silly addNameRange   [ '1.0.0', '1.0.1', '1.0.2', '1.0.3', '1.0.4', '1.0.6' ] ]
90 silly addNamed node-bin-setup@1.0.6
91 verbose addNamed "1.0.6" is a plain semver version for node-bin-setup
92 silly mapToRegistry name node-bin-setup
93 silly mapToRegistry using default registry
94 silly mapToRegistry registry https://registry.npmjs.org/
95 silly mapToRegistry uri https://registry.npmjs.org/node-bin-setup
96 verbose addRemoteTarball https://registry.npmjs.org/node-bin-setup/-/node-bin-setup-1.0.6.tgz not in flight; adding
97 verbose addRemoteTarball [ 'https://registry.npmjs.org/node-bin-setup/-/node-bin-setup-1.0.6.tgz',
97 verbose addRemoteTarball   '4b5c9bb937ece702d7069b36ca78af4684677528' ]
98 info retry fetch attempt 1 at 9:47:56 PM
99 info attempt registry request try #1 at 9:47:56 PM
100 http fetch GET https://registry.npmjs.org/node-bin-setup/-/node-bin-setup-1.0.6.tgz
101 http fetch 200 https://registry.npmjs.org/node-bin-setup/-/node-bin-setup-1.0.6.tgz
102 silly fetchAndShaCheck shasum 4b5c9bb937ece702d7069b36ca78af4684677528
103 verbose addTmpTarball C:\Users\Deidra\AppData\Local\Temp\npm-24968-6cd3a3b8\registry.npmjs.org\node-bin-setup\-\node-bin-setup-1.0.6.tgz not in flight; adding
104 verbose addTmpTarball already have metadata; skipping unpack for node-bin-setup@1.0.6
105 silly cache afterAdd node-bin-setup@1.0.6
106 verbose afterAdd C:\Users\Deidra\AppData\Roaming\npm-cache\node-bin-setup\1.0.6\package\package.json not in flight; writing
107 verbose afterAdd C:\Users\Deidra\AppData\Roaming\npm-cache\node-bin-setup\1.0.6\package\package.json written
108 silly loadAllDepsIntoIdealTree Finishing
109 silly idealTree:prePrune TimenDinero@1.0.0
109 silly idealTree:prePrune ├── @types/geojson@1.0.6
109 silly idealTree:prePrune ├── @types/node@8.0.45
109 silly idealTree:prePrune ├── accepts@1.2.13
109 silly idealTree:prePrune ├── after-all@2.0.2
109 silly idealTree:prePrune ├── ajv@5.3.0
109 silly idealTree:prePrune ├── align-text@0.1.4
109 silly idealTree:prePrune ├── amdefine@1.0.0
109 silly idealTree:prePrune ├── ansi-regex@2.1.1
109 silly idealTree:prePrune ├── ansicolors@0.2.1
109 silly idealTree:prePrune ├── append-field@0.1.0
109 silly idealTree:prePrune ├── array-find-index@1.0.2
109 silly idealTree:prePrune ├── array-flatten@1.1.1
109 silly idealTree:prePrune ├── asap@2.0.3
109 silly idealTree:prePrune ├── asn1@0.2.3
109 silly idealTree:prePrune ├── assert-plus@1.0.0
109 silly idealTree:prePrune ├── assertion-error@1.0.2
109 silly idealTree:prePrune ├── async@1.5.2
109 silly idealTree:prePrune ├── asynckit@0.4.0
109 silly idealTree:prePrune ├── aws-sign2@0.7.0
109 silly idealTree:prePrune ├── aws4@1.6.0
109 silly idealTree:prePrune ├── balanced-match@0.3.0
109 silly idealTree:prePrune ├── base64-url@1.2.1
109 silly idealTree:prePrune ├── bcrypt-pbkdf@1.0.1
109 silly idealTree:prePrune ├── bignumber.js@4.0.4
109 silly idealTree:prePrune ├── bluebird@3.5.1
109 silly idealTree:prePrune ├── body-parser@1.15.0
109 silly idealTree:prePrune ├── boom@4.3.1
109 silly idealTree:prePrune ├── brace-expansion@1.1.3
109 silly idealTree:prePrune ├── builtin-modules@1.1.1
109 silly idealTree:prePrune ├── busboy@0.2.13
109 silly idealTree:prePrune ├── bytes@2.2.0
109 silly idealTree:prePrune ├── camelcase@1.2.1
109 silly idealTree:prePrune ├─┬ camelcase-keys@2.1.0
109 silly idealTree:prePrune │ └── camelcase@2.1.1
109 silly idealTree:prePrune ├── cardinal@1.0.0
109 silly idealTree:prePrune ├── caseless@0.12.0
109 silly idealTree:prePrune ├── center-align@0.1.3
109 silly idealTree:prePrune ├── chai@4.1.2
109 silly idealTree:prePrune ├── check-error@1.0.2
109 silly idealTree:prePrune ├─┬ cliui@2.1.0
109 silly idealTree:prePrune │ └── wordwrap@0.0.2
109 silly idealTree:prePrune ├── clone@1.0.2
109 silly idealTree:prePrune ├── cls-bluebird@2.0.1
109 silly idealTree:prePrune ├── co@4.6.0
109 silly idealTree:prePrune ├── code-point-at@1.1.0
109 silly idealTree:prePrune ├── combined-stream@1.0.5
109 silly idealTree:prePrune ├── commander@1.0.4
109 silly idealTree:prePrune ├── concat-map@0.0.1
109 silly idealTree:prePrune ├─┬ concat-stream@1.5.1
109 silly idealTree:prePrune │ ├── isarray@1.0.0
109 silly idealTree:prePrune │ └── readable-stream@2.0.6
109 silly idealTree:prePrune ├── content-disposition@0.5.1
109 silly idealTree:prePrune ├── content-type@1.0.1
109 silly idealTree:prePrune ├── cookie@0.1.5
109 silly idealTree:prePrune ├── cookie-signature@1.0.6
109 silly idealTree:prePrune ├── core-util-is@1.0.2
109 silly idealTree:prePrune ├── crc@3.4.0
109 silly idealTree:prePrune ├─┬ cryptiles@3.1.2
109 silly idealTree:prePrune │ └── boom@5.2.0
109 silly idealTree:prePrune ├── currently-unhandled@0.4.1
109 silly idealTree:prePrune ├── dashdash@1.14.1
109 silly idealTree:prePrune ├── debug@2.2.0
109 silly idealTree:prePrune ├─┬ debug-stream@3.0.1
109 silly idealTree:prePrune │ ├── inherits@2.0.3
109 silly idealTree:prePrune │ ├── isarray@1.0.0
109 silly idealTree:prePrune │ ├── readable-stream@2.3.3
109 silly idealTree:prePrune │ ├── string_decoder@1.0.3
109 silly idealTree:prePrune │ └── through2@2.0.3
109 silly idealTree:prePrune ├── decamelize@1.2.0
109 silly idealTree:prePrune ├─┬ deep-defaults@1.0.4
109 silly idealTree:prePrune │ └── lodash@3.0.1
109 silly idealTree:prePrune ├── deep-eql@3.0.1
109 silly idealTree:prePrune ├── deep-extend@0.4.2
109 silly idealTree:prePrune ├── defaults@1.0.3
109 silly idealTree:prePrune ├── define-properties@1.1.2
109 silly idealTree:prePrune ├── delayed-stream@1.0.0
109 silly idealTree:prePrune ├── denque@1.2.2
109 silly idealTree:prePrune ├── depd@1.1.0
109 silly idealTree:prePrune ├── destroy@1.0.4
109 silly idealTree:prePrune ├── dicer@0.2.5
109 silly idealTree:prePrune ├── dottie@2.0.0
109 silly idealTree:prePrune ├─┬ duplexify@3.5.1
109 silly idealTree:prePrune │ ├── isarray@1.0.0
109 silly idealTree:prePrune │ ├─┬ readable-stream@2.3.3
109 silly idealTree:prePrune │ │ └── inherits@2.0.3
109 silly idealTree:prePrune │ └── string_decoder@1.0.3
109 silly idealTree:prePrune ├── ecc-jsbn@0.1.1
109 silly idealTree:prePrune ├── ee-first@1.1.1
109 silly idealTree:prePrune ├─┬ electron@1.7.9
109 silly idealTree:prePrune │ └── @types/node@7.0.46
109 silly idealTree:prePrune ├─┬ electron-download@3.3.0
109 silly idealTree:prePrune │ ├── fs-extra@0.30.0
109 silly idealTree:prePrune │ └── minimist@1.2.0
109 silly idealTree:prePrune ├── end-of-stream@1.1.0
109 silly idealTree:prePrune ├─┬ enqueue@1.0.2
109 silly idealTree:prePrune │ └── sliced@0.0.5
109 silly idealTree:prePrune ├── error-ex@1.3.1
109 silly idealTree:prePrune ├── es6-promise@4.0.5
109 silly idealTree:prePrune ├── escape-html@1.0.3
109 silly idealTree:prePrune ├── esprima@3.0.0
109 silly idealTree:prePrune ├── etag@1.7.0
109 silly idealTree:prePrune ├─┬ express@4.13.4
109 silly idealTree:prePrune │ └── qs@4.0.0
109 silly idealTree:prePrune ├── express-handlebars@3.0.0
109 silly idealTree:prePrune ├─┬ express-session@1.13.0
109 silly idealTree:prePrune │ └── cookie@0.2.3
109 silly idealTree:prePrune ├── extend@3.0.1
109 silly idealTree:prePrune ├─┬ extract-zip@1.6.5
109 silly idealTree:prePrune │ ├── concat-stream@1.6.0
109 silly idealTree:prePrune │ ├── inherits@2.0.3
109 silly idealTree:prePrune │ ├── isarray@1.0.0
109 silly idealTree:prePrune │ ├── minimist@0.0.8
109 silly idealTree:prePrune │ ├── mkdirp@0.5.0
109 silly idealTree:prePrune │ ├── readable-stream@2.3.3
109 silly idealTree:prePrune │ └── string_decoder@1.0.3
109 silly idealTree:prePrune ├── extsprintf@1.3.0
109 silly idealTree:prePrune ├── fast-deep-equal@1.0.0
109 silly idealTree:prePrune ├── fast-json-stable-stringify@2.0.0
109 silly idealTree:prePrune ├── fd-slicer@1.0.1
109 silly idealTree:prePrune ├── finalhandler@0.4.1
109 silly idealTree:prePrune ├── find-up@1.1.2
109 silly idealTree:prePrune ├── foreach@2.0.5
109 silly idealTree:prePrune ├── forever-agent@0.6.1
109 silly idealTree:prePrune ├─┬ form-data@2.3.1
109 silly idealTree:prePrune │ ├── mime-db@1.30.0
109 silly idealTree:prePrune │ └── mime-types@2.1.17
109 silly idealTree:prePrune ├── forwarded@0.1.0
109 silly idealTree:prePrune ├── fresh@0.3.0
109 silly idealTree:prePrune ├── fs-extra@1.0.0
109 silly idealTree:prePrune ├── fs.realpath@1.0.0
109 silly idealTree:prePrune ├── function-bind@1.1.0
109 silly idealTree:prePrune ├── function-source@0.1.0
109 silly idealTree:prePrune ├─┬ fwd-stream@1.0.4
109 silly idealTree:prePrune │ └── readable-stream@1.0.34
109 silly idealTree:prePrune ├── generate-function@2.0.0
109 silly idealTree:prePrune ├── generic-pool@3.2.0
109 silly idealTree:prePrune ├── get-func-name@2.0.0
109 silly idealTree:prePrune ├── get-stdin@4.0.1
109 silly idealTree:prePrune ├── getpass@0.1.7
109 silly idealTree:prePrune ├── glob@6.0.4
109 silly idealTree:prePrune ├── graceful-fs@4.1.3
109 silly idealTree:prePrune ├── handlebars@4.0.5
109 silly idealTree:prePrune ├── har-schema@2.0.0
109 silly idealTree:prePrune ├── har-validator@5.0.3
109 silly idealTree:prePrune ├── hasha@2.2.0
109 silly idealTree:prePrune ├── hat@0.0.3
109 silly idealTree:prePrune ├── hawk@6.0.2
109 silly idealTree:prePrune ├── hoek@4.2.0
109 silly idealTree:prePrune ├── home-path@1.0.5
109 silly idealTree:prePrune ├── hosted-git-info@2.5.0
109 silly idealTree:prePrune ├── http-errors@1.4.0
109 silly idealTree:prePrune ├── http-signature@1.2.0
109 silly idealTree:prePrune ├── iconv-lite@0.4.13
109 silly idealTree:prePrune ├── indent-string@2.1.0
109 silly idealTree:prePrune ├── inflection@1.12.0
109 silly idealTree:prePrune ├── inflight@1.0.4
109 silly idealTree:prePrune ├── inherits@2.0.1
109 silly idealTree:prePrune ├── ini@1.3.4
109 silly idealTree:prePrune ├── ipaddr.js@1.0.5
109 silly idealTree:prePrune ├── is-arrayish@0.2.1
109 silly idealTree:prePrune ├── is-bluebird@1.0.2
109 silly idealTree:prePrune ├── is-buffer@1.1.3
109 silly idealTree:prePrune ├── is-builtin-module@1.0.0
109 silly idealTree:prePrune ├── is-finite@1.0.2
109 silly idealTree:prePrune ├── is-fullwidth-code-point@1.0.0
109 silly idealTree:prePrune ├── is-stream@1.1.0
109 silly idealTree:prePrune ├── is-typedarray@1.0.0
109 silly idealTree:prePrune ├── is-utf8@0.2.1
109 silly idealTree:prePrune ├── isarray@0.0.1
109 silly idealTree:prePrune ├── isexe@2.0.0
109 silly idealTree:prePrune ├── isstream@0.1.2
109 silly idealTree:prePrune ├── jquery@3.2.1
109 silly idealTree:prePrune ├── jsbn@0.1.1
109 silly idealTree:prePrune ├── jsesc@0.5.0
109 silly idealTree:prePrune ├── json-schema@0.2.3
109 silly idealTree:prePrune ├── json-schema-traverse@0.3.1
109 silly idealTree:prePrune ├── json-stable-stringify@1.0.1
109 silly idealTree:prePrune ├── json-stringify-safe@5.0.1
109 silly idealTree:prePrune ├─┬ jsonfile@2.4.0
109 silly idealTree:prePrune │ └── graceful-fs@4.1.11
109 silly idealTree:prePrune ├── jsonify@0.0.0
109 silly idealTree:prePrune ├── jsprim@1.4.1
109 silly idealTree:prePrune ├── kew@0.7.0
109 silly idealTree:prePrune ├── keypress@0.1.0
109 silly idealTree:prePrune ├── kind-of@3.0.2
109 silly idealTree:prePrune ├─┬ klaw@1.3.1
109 silly idealTree:prePrune │ └── graceful-fs@4.1.11
109 silly idealTree:prePrune ├── lazy-cache@1.0.3
109 silly idealTree:prePrune ├─┬ ldjson-stream@1.2.1
109 silly idealTree:prePrune │ ├── readable-stream@1.0.34
109 silly idealTree:prePrune │ ├── split2@0.2.1
109 silly idealTree:prePrune │ └── through2@0.6.5
109 silly idealTree:prePrune ├── load-json-file@1.1.0
109 silly idealTree:prePrune ├── lodash@4.17.4
109 silly idealTree:prePrune ├── long@3.2.0
109 silly idealTree:prePrune ├── longest@1.0.1
109 silly idealTree:prePrune ├── loud-rejection@1.6.0
109 silly idealTree:prePrune ├── lru-cache@4.1.1
109 silly idealTree:prePrune ├── map-obj@1.0.1
109 silly idealTree:prePrune ├── media-typer@0.3.0
109 silly idealTree:prePrune ├─┬ meow@3.7.0
109 silly idealTree:prePrune │ ├── minimist@1.2.0
109 silly idealTree:prePrune │ └── object-assign@4.1.1
109 silly idealTree:prePrune ├── merge-descriptors@1.0.1
109 silly idealTree:prePrune ├── methods@1.1.2
109 silly idealTree:prePrune ├── mime@1.3.4
109 silly idealTree:prePrune ├── mime-db@1.22.0
109 silly idealTree:prePrune ├── mime-types@2.1.10
109 silly idealTree:prePrune ├── minimatch@3.0.0
109 silly idealTree:prePrune ├── minimist@0.0.10
109 silly idealTree:prePrune ├── minstache@1.2.0
109 silly idealTree:prePrune ├─┬ mkdirp@0.5.1
109 silly idealTree:prePrune │ └── minimist@0.0.8
109 silly idealTree:prePrune ├── moment@2.12.0
109 silly idealTree:prePrune ├── moment-timezone@0.5.14
109 silly idealTree:prePrune ├── ms@0.7.1
109 silly idealTree:prePrune ├── multer@1.1.0
109 silly idealTree:prePrune ├─┬ mysql@2.15.0
109 silly idealTree:prePrune │ ├── inherits@2.0.3
109 silly idealTree:prePrune │ ├── isarray@1.0.0
109 silly idealTree:prePrune │ ├── readable-stream@2.3.3
109 silly idealTree:prePrune │ └── string_decoder@1.0.3
109 silly idealTree:prePrune ├─┬ mysql2@1.4.2
109 silly idealTree:prePrune │ ├── iconv-lite@0.4.19
109 silly idealTree:prePrune │ ├── inherits@2.0.3
109 silly idealTree:prePrune │ ├── isarray@1.0.0
109 silly idealTree:prePrune │ ├── object-assign@4.1.1
109 silly idealTree:prePrune │ ├── readable-stream@2.3.2
109 silly idealTree:prePrune │ └── string_decoder@1.0.3
109 silly idealTree:prePrune ├─┬ named-placeholders@1.1.1
109 silly idealTree:prePrune │ └── lru-cache@2.5.0
109 silly idealTree:prePrune ├── negotiator@0.5.3
109 silly idealTree:prePrune ├── nightmare@2.10.0
109 silly idealTree:prePrune ├── node@8.5.0
109 silly idealTree:prePrune ├── node-bin-setup@1.0.6
109 silly idealTree:prePrune ├── nodemailer@4.3.1
109 silly idealTree:prePrune ├── normalize-package-data@2.4.0
109 silly idealTree:prePrune ├─┬ nugget@2.0.1
109 silly idealTree:prePrune │ ├── minimist@1.2.0
109 silly idealTree:prePrune │ └── throttleit@0.0.2
109 silly idealTree:prePrune ├── number-is-nan@1.0.1
109 silly idealTree:prePrune ├── oauth-sign@0.8.2
109 silly idealTree:prePrune ├── object-assign@3.0.0
109 silly idealTree:prePrune ├── object-keys@1.0.9
109 silly idealTree:prePrune ├── object.assign@4.0.3
109 silly idealTree:prePrune ├── on-finished@2.3.0
109 silly idealTree:prePrune ├── on-headers@1.0.1
109 silly idealTree:prePrune ├── once@1.3.3
109 silly idealTree:prePrune ├── optimist@0.6.1
109 silly idealTree:prePrune ├── parse-json@2.2.0
109 silly idealTree:prePrune ├── parseurl@1.3.1
109 silly idealTree:prePrune ├── path-exists@2.1.0
109 silly idealTree:prePrune ├── path-is-absolute@1.0.0
109 silly idealTree:prePrune ├── path-to-regexp@0.1.7
109 silly idealTree:prePrune ├── path-type@1.1.0
109 silly idealTree:prePrune ├── pathval@1.1.0
109 silly idealTree:prePrune ├── pend@1.2.0
109 silly idealTree:prePrune ├── performance-now@2.1.0
109 silly idealTree:prePrune ├─┬ phantom-render-stream@2.2.0
109 silly idealTree:prePrune │ ├── concat-stream@1.6.0
109 silly idealTree:prePrune │ ├── inherits@2.0.3
109 silly idealTree:prePrune │ ├── isarray@1.0.0
109 silly idealTree:prePrune │ ├── readable-stream@2.3.3
109 silly idealTree:prePrune │ └── string_decoder@1.0.3
109 silly idealTree:prePrune ├─┬ phantomjs-prebuilt@2.1.15
109 silly idealTree:prePrune │ ├── ajv@4.11.8
109 silly idealTree:prePrune │ ├── assert-plus@0.2.0
109 silly idealTree:prePrune │ ├── aws-sign2@0.6.0
109 silly idealTree:prePrune │ ├── boom@2.10.1
109 silly idealTree:prePrune │ ├── cryptiles@2.0.5
109 silly idealTree:prePrune │ ├─┬ form-data@2.1.4
109 silly idealTree:prePrune │ │ └── mime-types@2.1.17
109 silly idealTree:prePrune │ ├── har-schema@1.0.5
109 silly idealTree:prePrune │ ├── har-validator@4.2.1
109 silly idealTree:prePrune │ ├── hawk@3.1.3
109 silly idealTree:prePrune │ ├── hoek@2.16.3
109 silly idealTree:prePrune │ ├── http-signature@1.1.1
109 silly idealTree:prePrune │ ├── mime-db@1.30.0
109 silly idealTree:prePrune │ ├── performance-now@0.2.0
109 silly idealTree:prePrune │ ├── qs@6.4.0
109 silly idealTree:prePrune │ ├── request@2.81.0
109 silly idealTree:prePrune │ └── sntp@1.0.9
109 silly idealTree:prePrune ├── pify@2.3.0
109 silly idealTree:prePrune ├── pinkie@2.0.4
109 silly idealTree:prePrune ├── pinkie-promise@2.0.1
109 silly idealTree:prePrune ├── pretty-bytes@1.0.4
109 silly idealTree:prePrune ├── process-nextick-args@1.0.6
109 silly idealTree:prePrune ├── progress@1.1.8
109 silly idealTree:prePrune ├── progress-stream@1.2.0
109 silly idealTree:prePrune ├── promise@7.1.1
109 silly idealTree:prePrune ├── proxy-addr@1.0.10
109 silly idealTree:prePrune ├── pseudomap@1.0.2
109 silly idealTree:prePrune ├── punycode@1.4.1
109 silly idealTree:prePrune ├── qs@6.1.0
109 silly idealTree:prePrune ├── range-parser@1.0.3
109 silly idealTree:prePrune ├─┬ raw-body@2.1.6
109 silly idealTree:prePrune │ └── bytes@2.3.0
109 silly idealTree:prePrune ├─┬ rc@1.2.2
109 silly idealTree:prePrune │ └── minimist@1.2.0
109 silly idealTree:prePrune ├── read-pkg@1.1.0
109 silly idealTree:prePrune ├── read-pkg-up@1.0.1
109 silly idealTree:prePrune ├── readable-stream@1.1.13
109 silly idealTree:prePrune ├── redent@1.0.0
109 silly idealTree:prePrune ├── redeyed@1.0.1
109 silly idealTree:prePrune ├── repeat-string@1.5.4
109 silly idealTree:prePrune ├── repeating@2.0.1
109 silly idealTree:prePrune ├─┬ request@2.83.0
109 silly idealTree:prePrune │ ├── mime-db@1.30.0
109 silly idealTree:prePrune │ ├── mime-types@2.1.17
109 silly idealTree:prePrune │ └── qs@6.5.1
109 silly idealTree:prePrune ├── request-progress@2.0.1
109 silly idealTree:prePrune ├─┬ retry-as-promised@2.3.2
109 silly idealTree:prePrune │ ├── debug@2.6.9
109 silly idealTree:prePrune │ └── ms@2.0.0
109 silly idealTree:prePrune ├── right-align@0.1.3
109 silly idealTree:prePrune ├─┬ rimraf@2.6.2
109 silly idealTree:prePrune │ ├── balanced-match@1.0.0
109 silly idealTree:prePrune │ ├── brace-expansion@1.1.8
109 silly idealTree:prePrune │ ├── glob@7.1.2
109 silly idealTree:prePrune │ └── minimatch@3.0.4
109 silly idealTree:prePrune ├── C:\Users\Deidra\TimenDinero\node_modules\routes
109 silly idealTree:prePrune ├── safe-buffer@5.1.1
109 silly idealTree:prePrune ├── semver@5.4.1
109 silly idealTree:prePrune ├─┬ send@0.13.1
109 silly idealTree:prePrune │ └── http-errors@1.3.1
109 silly idealTree:prePrune ├── seq-queue@0.0.5
109 silly idealTree:prePrune ├─┬ sequelize@4.22.4
109 silly idealTree:prePrune │ ├── debug@3.1.0
109 silly idealTree:prePrune │ ├── moment@2.19.1
109 silly idealTree:prePrune │ ├── ms@2.0.0
109 silly idealTree:prePrune │ └── validator@9.1.1
109 silly idealTree:prePrune ├── serve-static@1.10.2
109 silly idealTree:prePrune ├── server-destroy@1.0.1
109 silly idealTree:prePrune ├── shimmer@1.1.0
109 silly idealTree:prePrune ├── signal-exit@3.0.2
109 silly idealTree:prePrune ├── single-line-log@1.1.2
109 silly idealTree:prePrune ├── sliced@1.0.1
109 silly idealTree:prePrune ├── sntp@2.1.0
109 silly idealTree:prePrune ├── source-map@0.4.4
109 silly idealTree:prePrune ├── spdx-correct@1.0.2
109 silly idealTree:prePrune ├── spdx-expression-parse@1.0.4
109 silly idealTree:prePrune ├── spdx-license-ids@1.2.2
109 silly idealTree:prePrune ├── speedometer@0.1.4
109 silly idealTree:prePrune ├─┬ split2@2.2.0
109 silly idealTree:prePrune │ ├── inherits@2.0.3
109 silly idealTree:prePrune │ ├── isarray@1.0.0
109 silly idealTree:prePrune │ ├── readable-stream@2.3.3
109 silly idealTree:prePrune │ ├── string_decoder@1.0.3
109 silly idealTree:prePrune │ └── through2@2.0.3
109 silly idealTree:prePrune ├── sqlstring@2.3.0
109 silly idealTree:prePrune ├── sshpk@1.13.1
109 silly idealTree:prePrune ├── statuses@1.2.1
109 silly idealTree:prePrune ├── stream-shift@1.0.0
109 silly idealTree:prePrune ├── streamsearch@0.1.2
109 silly idealTree:prePrune ├── string_decoder@0.10.31
109 silly idealTree:prePrune ├── string-width@1.0.2
109 silly idealTree:prePrune ├── stringstream@0.0.5
109 silly idealTree:prePrune ├── strip-ansi@3.0.1
109 silly idealTree:prePrune ├── strip-bom@2.0.0
109 silly idealTree:prePrune ├── strip-indent@1.0.1
109 silly idealTree:prePrune ├── strip-json-comments@2.0.1
109 silly idealTree:prePrune ├── sumchecker@1.3.1
109 silly idealTree:prePrune ├── terraformer@1.0.8
109 silly idealTree:prePrune ├── terraformer-wkt-parser@1.1.2
109 silly idealTree:prePrune ├── throttleit@1.0.0
109 silly idealTree:prePrune ├─┬ through2@0.2.3
109 silly idealTree:prePrune │ ├── object-keys@0.4.0
109 silly idealTree:prePrune │ └── xtend@2.1.2
109 silly idealTree:prePrune ├── thunky@1.0.2
109 silly idealTree:prePrune ├── toposort-class@1.0.1
109 silly idealTree:prePrune ├── tough-cookie@2.3.3
109 silly idealTree:prePrune ├── trim-newlines@1.0.0
109 silly idealTree:prePrune ├── tunnel-agent@0.6.0
109 silly idealTree:prePrune ├── tweetnacl@0.14.5
109 silly idealTree:prePrune ├── type-detect@4.0.3
109 silly idealTree:prePrune ├── type-is@1.6.12
109 silly idealTree:prePrune ├── typedarray@0.0.6
109 silly idealTree:prePrune ├─┬ uglify-js@2.6.2
109 silly idealTree:prePrune │ ├── async@0.2.10
109 silly idealTree:prePrune │ └── source-map@0.5.3
109 silly idealTree:prePrune ├── uglify-to-browserify@1.0.2
109 silly idealTree:prePrune ├── uid-safe@2.0.0
109 silly idealTree:prePrune ├── unpipe@1.0.0
109 silly idealTree:prePrune ├── util-deprecate@1.0.2
109 silly idealTree:prePrune ├── utils-merge@1.0.0
109 silly idealTree:prePrune ├── uuid@3.1.0
109 silly idealTree:prePrune ├── validate-npm-package-license@3.0.1
109 silly idealTree:prePrune ├── vary@1.0.1
109 silly idealTree:prePrune ├── verror@1.10.0
109 silly idealTree:prePrune ├── which@1.2.14
109 silly idealTree:prePrune ├── window-size@0.1.0
109 silly idealTree:prePrune ├── wkx@0.4.2
109 silly idealTree:prePrune ├── wordwrap@0.0.3
109 silly idealTree:prePrune ├── wrappy@1.0.1
109 silly idealTree:prePrune ├── xtend@4.0.1
109 silly idealTree:prePrune ├── yallist@2.1.2
109 silly idealTree:prePrune ├── yargs@3.10.0
109 silly idealTree:prePrune └── yauzl@2.4.1
110 silly loadIdealTree Finishing
111 silly currentTree TimenDinero@1.0.0
111 silly currentTree ├── @types/geojson@1.0.6
111 silly currentTree ├── @types/node@8.0.45
111 silly currentTree ├── accepts@1.2.13
111 silly currentTree ├── after-all@2.0.2
111 silly currentTree ├── ajv@5.3.0
111 silly currentTree ├── align-text@0.1.4
111 silly currentTree ├── amdefine@1.0.0
111 silly currentTree ├── ansi-regex@2.1.1
111 silly currentTree ├── ansicolors@0.2.1
111 silly currentTree ├── append-field@0.1.0
111 silly currentTree ├── array-find-index@1.0.2
111 silly currentTree ├── array-flatten@1.1.1
111 silly currentTree ├── asap@2.0.3
111 silly currentTree ├── asn1@0.2.3
111 silly currentTree ├── assert-plus@1.0.0
111 silly currentTree ├── assertion-error@1.0.2
111 silly currentTree ├── async@1.5.2
111 silly currentTree ├── asynckit@0.4.0
111 silly currentTree ├── aws-sign2@0.7.0
111 silly currentTree ├── aws4@1.6.0
111 silly currentTree ├── balanced-match@0.3.0
111 silly currentTree ├── base64-url@1.2.1
111 silly currentTree ├── bcrypt-pbkdf@1.0.1
111 silly currentTree ├── bignumber.js@4.0.4
111 silly currentTree ├── bluebird@3.5.1
111 silly currentTree ├── body-parser@1.15.0
111 silly currentTree ├── boom@4.3.1
111 silly currentTree ├── brace-expansion@1.1.3
111 silly currentTree ├── builtin-modules@1.1.1
111 silly currentTree ├── busboy@0.2.13
111 silly currentTree ├── bytes@2.2.0
111 silly currentTree ├── camelcase@1.2.1
111 silly currentTree ├─┬ camelcase-keys@2.1.0
111 silly currentTree │ └── camelcase@2.1.1
111 silly currentTree ├── cardinal@1.0.0
111 silly currentTree ├── caseless@0.12.0
111 silly currentTree ├── center-align@0.1.3
111 silly currentTree ├── chai@4.1.2
111 silly currentTree ├── check-error@1.0.2
111 silly currentTree ├─┬ cliui@2.1.0
111 silly currentTree │ └── wordwrap@0.0.2
111 silly currentTree ├── clone@1.0.2
111 silly currentTree ├── cls-bluebird@2.0.1
111 silly currentTree ├── co@4.6.0
111 silly currentTree ├── code-point-at@1.1.0
111 silly currentTree ├── combined-stream@1.0.5
111 silly currentTree ├── commander@1.0.4
111 silly currentTree ├── concat-map@0.0.1
111 silly currentTree ├─┬ concat-stream@1.5.1
111 silly currentTree │ ├── isarray@1.0.0
111 silly currentTree │ └── readable-stream@2.0.6
111 silly currentTree ├── content-disposition@0.5.1
111 silly currentTree ├── content-type@1.0.1
111 silly currentTree ├── cookie@0.1.5
111 silly currentTree ├── cookie-signature@1.0.6
111 silly currentTree ├── core-util-is@1.0.2
111 silly currentTree ├── crc@3.4.0
111 silly currentTree ├─┬ cryptiles@3.1.2
111 silly currentTree │ └── boom@5.2.0
111 silly currentTree ├── currently-unhandled@0.4.1
111 silly currentTree ├── dashdash@1.14.1
111 silly currentTree ├── debug@2.2.0
111 silly currentTree ├─┬ debug-stream@3.0.1
111 silly currentTree │ ├── inherits@2.0.3
111 silly currentTree │ ├── isarray@1.0.0
111 silly currentTree │ ├── readable-stream@2.3.3
111 silly currentTree │ ├── string_decoder@1.0.3
111 silly currentTree │ └── through2@2.0.3
111 silly currentTree ├── decamelize@1.2.0
111 silly currentTree ├─┬ deep-defaults@1.0.4
111 silly currentTree │ └── lodash@3.0.1
111 silly currentTree ├── deep-eql@3.0.1
111 silly currentTree ├── deep-extend@0.4.2
111 silly currentTree ├── defaults@1.0.3
111 silly currentTree ├── define-properties@1.1.2
111 silly currentTree ├── delayed-stream@1.0.0
111 silly currentTree ├── denque@1.2.2
111 silly currentTree ├── depd@1.1.0
111 silly currentTree ├── destroy@1.0.4
111 silly currentTree ├── dicer@0.2.5
111 silly currentTree ├── dottie@2.0.0
111 silly currentTree ├─┬ duplexify@3.5.1
111 silly currentTree │ ├── isarray@1.0.0
111 silly currentTree │ ├─┬ readable-stream@2.3.3
111 silly currentTree │ │ └── inherits@2.0.3
111 silly currentTree │ └── string_decoder@1.0.3
111 silly currentTree ├── ecc-jsbn@0.1.1
111 silly currentTree ├── ee-first@1.1.1
111 silly currentTree ├─┬ electron@1.7.9
111 silly currentTree │ └── @types/node@7.0.46
111 silly currentTree ├─┬ electron-download@3.3.0
111 silly currentTree │ ├── fs-extra@0.30.0
111 silly currentTree │ └── minimist@1.2.0
111 silly currentTree ├── end-of-stream@1.1.0
111 silly currentTree ├─┬ enqueue@1.0.2
111 silly currentTree │ └── sliced@0.0.5
111 silly currentTree ├── error-ex@1.3.1
111 silly currentTree ├── es6-promise@4.0.5
111 silly currentTree ├── escape-html@1.0.3
111 silly currentTree ├── esprima@3.0.0
111 silly currentTree ├── etag@1.7.0
111 silly currentTree ├─┬ express@4.13.4
111 silly currentTree │ └── qs@4.0.0
111 silly currentTree ├── express-handlebars@3.0.0
111 silly currentTree ├─┬ express-session@1.13.0
111 silly currentTree │ └── cookie@0.2.3
111 silly currentTree ├── extend@3.0.1
111 silly currentTree ├─┬ extract-zip@1.6.5
111 silly currentTree │ ├── concat-stream@1.6.0
111 silly currentTree │ ├── inherits@2.0.3
111 silly currentTree │ ├── isarray@1.0.0
111 silly currentTree │ ├── minimist@0.0.8
111 silly currentTree │ ├── mkdirp@0.5.0
111 silly currentTree │ ├── readable-stream@2.3.3
111 silly currentTree │ └── string_decoder@1.0.3
111 silly currentTree ├── extsprintf@1.3.0
111 silly currentTree ├── fast-deep-equal@1.0.0
111 silly currentTree ├── fast-json-stable-stringify@2.0.0
111 silly currentTree ├── fd-slicer@1.0.1
111 silly currentTree ├── finalhandler@0.4.1
111 silly currentTree ├── find-up@1.1.2
111 silly currentTree ├── foreach@2.0.5
111 silly currentTree ├── forever-agent@0.6.1
111 silly currentTree ├─┬ form-data@2.3.1
111 silly currentTree │ ├── mime-db@1.30.0
111 silly currentTree │ └── mime-types@2.1.17
111 silly currentTree ├── forwarded@0.1.0
111 silly currentTree ├── fresh@0.3.0
111 silly currentTree ├── fs-extra@1.0.0
111 silly currentTree ├── fs.realpath@1.0.0
111 silly currentTree ├── function-bind@1.1.0
111 silly currentTree ├── function-source@0.1.0
111 silly currentTree ├─┬ fwd-stream@1.0.4
111 silly currentTree │ └── readable-stream@1.0.34
111 silly currentTree ├── generate-function@2.0.0
111 silly currentTree ├── generic-pool@3.2.0
111 silly currentTree ├── get-func-name@2.0.0
111 silly currentTree ├── get-stdin@4.0.1
111 silly currentTree ├── getpass@0.1.7
111 silly currentTree ├── glob@6.0.4
111 silly currentTree ├── graceful-fs@4.1.3
111 silly currentTree ├── handlebars@4.0.5
111 silly currentTree ├── har-schema@2.0.0
111 silly currentTree ├── har-validator@5.0.3
111 silly currentTree ├── hasha@2.2.0
111 silly currentTree ├── hat@0.0.3
111 silly currentTree ├── hawk@6.0.2
111 silly currentTree ├── hoek@4.2.0
111 silly currentTree ├── home-path@1.0.5
111 silly currentTree ├── hosted-git-info@2.5.0
111 silly currentTree ├── http-errors@1.4.0
111 silly currentTree ├── http-signature@1.2.0
111 silly currentTree ├── iconv-lite@0.4.13
111 silly currentTree ├── indent-string@2.1.0
111 silly currentTree ├── inflection@1.12.0
111 silly currentTree ├── inflight@1.0.4
111 silly currentTree ├── inherits@2.0.1
111 silly currentTree ├── ini@1.3.4
111 silly currentTree ├── ipaddr.js@1.0.5
111 silly currentTree ├── is-arrayish@0.2.1
111 silly currentTree ├── is-bluebird@1.0.2
111 silly currentTree ├── is-buffer@1.1.3
111 silly currentTree ├── is-builtin-module@1.0.0
111 silly currentTree ├── is-finite@1.0.2
111 silly currentTree ├── is-fullwidth-code-point@1.0.0
111 silly currentTree ├── is-stream@1.1.0
111 silly currentTree ├── is-typedarray@1.0.0
111 silly currentTree ├── is-utf8@0.2.1
111 silly currentTree ├── isarray@0.0.1
111 silly currentTree ├── isexe@2.0.0
111 silly currentTree ├── isstream@0.1.2
111 silly currentTree ├── jquery@3.2.1
111 silly currentTree ├── jsbn@0.1.1
111 silly currentTree ├── jsesc@0.5.0
111 silly currentTree ├── json-schema@0.2.3
111 silly currentTree ├── json-schema-traverse@0.3.1
111 silly currentTree ├── json-stable-stringify@1.0.1
111 silly currentTree ├── json-stringify-safe@5.0.1
111 silly currentTree ├─┬ jsonfile@2.4.0
111 silly currentTree │ └── graceful-fs@4.1.11
111 silly currentTree ├── jsonify@0.0.0
111 silly currentTree ├── jsprim@1.4.1
111 silly currentTree ├── kew@0.7.0
111 silly currentTree ├── keypress@0.1.0
111 silly currentTree ├── kind-of@3.0.2
111 silly currentTree ├─┬ klaw@1.3.1
111 silly currentTree │ └── graceful-fs@4.1.11
111 silly currentTree ├── lazy-cache@1.0.3
111 silly currentTree ├─┬ ldjson-stream@1.2.1
111 silly currentTree │ ├── readable-stream@1.0.34
111 silly currentTree │ ├── split2@0.2.1
111 silly currentTree │ └── through2@0.6.5
111 silly currentTree ├── load-json-file@1.1.0
111 silly currentTree ├── lodash@4.17.4
111 silly currentTree ├── long@3.2.0
111 silly currentTree ├── longest@1.0.1
111 silly currentTree ├── loud-rejection@1.6.0
111 silly currentTree ├── lru-cache@4.1.1
111 silly currentTree ├── map-obj@1.0.1
111 silly currentTree ├── media-typer@0.3.0
111 silly currentTree ├─┬ meow@3.7.0
111 silly currentTree │ ├── minimist@1.2.0
111 silly currentTree │ └── object-assign@4.1.1
111 silly currentTree ├── merge-descriptors@1.0.1
111 silly currentTree ├── methods@1.1.2
111 silly currentTree ├── mime@1.3.4
111 silly currentTree ├── mime-db@1.22.0
111 silly currentTree ├── mime-types@2.1.10
111 silly currentTree ├── minimatch@3.0.0
111 silly currentTree ├── minimist@0.0.10
111 silly currentTree ├── minstache@1.2.0
111 silly currentTree ├─┬ mkdirp@0.5.1
111 silly currentTree │ └── minimist@0.0.8
111 silly currentTree ├── moment@2.12.0
111 silly currentTree ├── moment-timezone@0.5.14
111 silly currentTree ├── ms@0.7.1
111 silly currentTree ├── multer@1.1.0
111 silly currentTree ├─┬ mysql@2.15.0
111 silly currentTree │ ├── inherits@2.0.3
111 silly currentTree │ ├── isarray@1.0.0
111 silly currentTree │ ├── readable-stream@2.3.3
111 silly currentTree │ └── string_decoder@1.0.3
111 silly currentTree ├─┬ mysql2@1.4.2
111 silly currentTree │ ├── iconv-lite@0.4.19
111 silly currentTree │ ├── inherits@2.0.3
111 silly currentTree │ ├── isarray@1.0.0
111 silly currentTree │ ├── object-assign@4.1.1
111 silly currentTree │ ├── readable-stream@2.3.2
111 silly currentTree │ └── string_decoder@1.0.3
111 silly currentTree ├─┬ named-placeholders@1.1.1
111 silly currentTree │ └── lru-cache@2.5.0
111 silly currentTree ├── negotiator@0.5.3
111 silly currentTree ├── nightmare@2.10.0
111 silly currentTree ├── nodemailer@4.3.1
111 silly currentTree ├── normalize-package-data@2.4.0
111 silly currentTree ├─┬ nugget@2.0.1
111 silly currentTree │ ├── minimist@1.2.0
111 silly currentTree │ └── throttleit@0.0.2
111 silly currentTree ├── number-is-nan@1.0.1
111 silly currentTree ├── oauth-sign@0.8.2
111 silly currentTree ├── object-assign@3.0.0
111 silly currentTree ├── object-keys@1.0.9
111 silly currentTree ├── object.assign@4.0.3
111 silly currentTree ├── on-finished@2.3.0
111 silly currentTree ├── on-headers@1.0.1
111 silly currentTree ├── once@1.3.3
111 silly currentTree ├── optimist@0.6.1
111 silly currentTree ├── parse-json@2.2.0
111 silly currentTree ├── parseurl@1.3.1
111 silly currentTree ├── path-exists@2.1.0
111 silly currentTree ├── path-is-absolute@1.0.0
111 silly currentTree ├── path-to-regexp@0.1.7
111 silly currentTree ├── path-type@1.1.0
111 silly currentTree ├── pathval@1.1.0
111 silly currentTree ├── pend@1.2.0
111 silly currentTree ├── performance-now@2.1.0
111 silly currentTree ├─┬ phantom-render-stream@2.2.0
111 silly currentTree │ ├── concat-stream@1.6.0
111 silly currentTree │ ├── inherits@2.0.3
111 silly currentTree │ ├── isarray@1.0.0
111 silly currentTree │ ├── readable-stream@2.3.3
111 silly currentTree │ └── string_decoder@1.0.3
111 silly currentTree ├─┬ phantomjs-prebuilt@2.1.15
111 silly currentTree │ ├── ajv@4.11.8
111 silly currentTree │ ├── assert-plus@0.2.0
111 silly currentTree │ ├── aws-sign2@0.6.0
111 silly currentTree │ ├── boom@2.10.1
111 silly currentTree │ ├── cryptiles@2.0.5
111 silly currentTree │ ├─┬ form-data@2.1.4
111 silly currentTree │ │ └── mime-types@2.1.17
111 silly currentTree │ ├── har-schema@1.0.5
111 silly currentTree │ ├── har-validator@4.2.1
111 silly currentTree │ ├── hawk@3.1.3
111 silly currentTree │ ├── hoek@2.16.3
111 silly currentTree │ ├── http-signature@1.1.1
111 silly currentTree │ ├── mime-db@1.30.0
111 silly currentTree │ ├── performance-now@0.2.0
111 silly currentTree │ ├── qs@6.4.0
111 silly currentTree │ ├── request@2.81.0
111 silly currentTree │ └── sntp@1.0.9
111 silly currentTree ├── pify@2.3.0
111 silly currentTree ├── pinkie@2.0.4
111 silly currentTree ├── pinkie-promise@2.0.1
111 silly currentTree ├── pretty-bytes@1.0.4
111 silly currentTree ├── process-nextick-args@1.0.6
111 silly currentTree ├── progress@1.1.8
111 silly currentTree ├── progress-stream@1.2.0
111 silly currentTree ├── promise@7.1.1
111 silly currentTree ├── proxy-addr@1.0.10
111 silly currentTree ├── pseudomap@1.0.2
111 silly currentTree ├── punycode@1.4.1
111 silly currentTree ├── qs@6.1.0
111 silly currentTree ├── range-parser@1.0.3
111 silly currentTree ├─┬ raw-body@2.1.6
111 silly currentTree │ └── bytes@2.3.0
111 silly currentTree ├─┬ rc@1.2.2
111 silly currentTree │ └── minimist@1.2.0
111 silly currentTree ├── read-pkg@1.1.0
111 silly currentTree ├── read-pkg-up@1.0.1
111 silly currentTree ├── readable-stream@1.1.13
111 silly currentTree ├── redent@1.0.0
111 silly currentTree ├── redeyed@1.0.1
111 silly currentTree ├── repeat-string@1.5.4
111 silly currentTree ├── repeating@2.0.1
111 silly currentTree ├─┬ request@2.83.0
111 silly currentTree │ ├── mime-db@1.30.0
111 silly currentTree │ ├── mime-types@2.1.17
111 silly currentTree │ └── qs@6.5.1
111 silly currentTree ├── request-progress@2.0.1
111 silly currentTree ├─┬ retry-as-promised@2.3.2
111 silly currentTree │ ├── debug@2.6.9
111 silly currentTree │ └── ms@2.0.0
111 silly currentTree ├── right-align@0.1.3
111 silly currentTree ├─┬ rimraf@2.6.2
111 silly currentTree │ ├── balanced-match@1.0.0
111 silly currentTree │ ├── brace-expansion@1.1.8
111 silly currentTree │ ├── glob@7.1.2
111 silly currentTree │ └── minimatch@3.0.4
111 silly currentTree ├── C:\Users\Deidra\TimenDinero\node_modules\routes
111 silly currentTree ├── safe-buffer@5.1.1
111 silly currentTree ├── semver@5.4.1
111 silly currentTree ├─┬ send@0.13.1
111 silly currentTree │ └── http-errors@1.3.1
111 silly currentTree ├── seq-queue@0.0.5
111 silly currentTree ├─┬ sequelize@4.22.4
111 silly currentTree │ ├── debug@3.1.0
111 silly currentTree │ ├── moment@2.19.1
111 silly currentTree │ ├── ms@2.0.0
111 silly currentTree │ └── validator@9.1.1
111 silly currentTree ├── serve-static@1.10.2
111 silly currentTree ├── server-destroy@1.0.1
111 silly currentTree ├── shimmer@1.1.0
111 silly currentTree ├── signal-exit@3.0.2
111 silly currentTree ├── single-line-log@1.1.2
111 silly currentTree ├── sliced@1.0.1
111 silly currentTree ├── sntp@2.1.0
111 silly currentTree ├── source-map@0.4.4
111 silly currentTree ├── spdx-correct@1.0.2
111 silly currentTree ├── spdx-expression-parse@1.0.4
111 silly currentTree ├── spdx-license-ids@1.2.2
111 silly currentTree ├── speedometer@0.1.4
111 silly currentTree ├─┬ split2@2.2.0
111 silly currentTree │ ├── inherits@2.0.3
111 silly currentTree │ ├── isarray@1.0.0
111 silly currentTree │ ├── readable-stream@2.3.3
111 silly currentTree │ ├── string_decoder@1.0.3
111 silly currentTree │ └── through2@2.0.3
111 silly currentTree ├── sqlstring@2.3.0
111 silly currentTree ├── sshpk@1.13.1
111 silly currentTree ├── statuses@1.2.1
111 silly currentTree ├── stream-shift@1.0.0
111 silly currentTree ├── streamsearch@0.1.2
111 silly currentTree ├── string_decoder@0.10.31
111 silly currentTree ├── string-width@1.0.2
111 silly currentTree ├── stringstream@0.0.5
111 silly currentTree ├── strip-ansi@3.0.1
111 silly currentTree ├── strip-bom@2.0.0
111 silly currentTree ├── strip-indent@1.0.1
111 silly currentTree ├── strip-json-comments@2.0.1
111 silly currentTree ├── sumchecker@1.3.1
111 silly currentTree ├── terraformer@1.0.8
111 silly currentTree ├── terraformer-wkt-parser@1.1.2
111 silly currentTree ├── throttleit@1.0.0
111 silly currentTree ├─┬ through2@0.2.3
111 silly currentTree │ ├── object-keys@0.4.0
111 silly currentTree │ └── xtend@2.1.2
111 silly currentTree ├── thunky@1.0.2
111 silly currentTree ├── toposort-class@1.0.1
111 silly currentTree ├── tough-cookie@2.3.3
111 silly currentTree ├── trim-newlines@1.0.0
111 silly currentTree ├── tunnel-agent@0.6.0
111 silly currentTree ├── tweetnacl@0.14.5
111 silly currentTree ├── type-detect@4.0.3
111 silly currentTree ├── type-is@1.6.12
111 silly currentTree ├── typedarray@0.0.6
111 silly currentTree ├─┬ uglify-js@2.6.2
111 silly currentTree │ ├── async@0.2.10
111 silly currentTree │ └── source-map@0.5.3
111 silly currentTree ├── uglify-to-browserify@1.0.2
111 silly currentTree ├── uid-safe@2.0.0
111 silly currentTree ├── unpipe@1.0.0
111 silly currentTree ├── util-deprecate@1.0.2
111 silly currentTree ├── utils-merge@1.0.0
111 silly currentTree ├── uuid@3.1.0
111 silly currentTree ├── validate-npm-package-license@3.0.1
111 silly currentTree ├── vary@1.0.1
111 silly currentTree ├── verror@1.10.0
111 silly currentTree ├── which@1.2.14
111 silly currentTree ├── window-size@0.1.0
111 silly currentTree ├── wkx@0.4.2
111 silly currentTree ├── wordwrap@0.0.3
111 silly currentTree ├── wrappy@1.0.1
111 silly currentTree ├── xtend@4.0.1
111 silly currentTree ├── yallist@2.1.2
111 silly currentTree ├── yargs@3.10.0
111 silly currentTree └── yauzl@2.4.1
112 silly idealTree TimenDinero@1.0.0
112 silly idealTree ├── @types/geojson@1.0.6
112 silly idealTree ├── @types/node@8.0.45
112 silly idealTree ├── accepts@1.2.13
112 silly idealTree ├── after-all@2.0.2
112 silly idealTree ├── ajv@5.3.0
112 silly idealTree ├── align-text@0.1.4
112 silly idealTree ├── amdefine@1.0.0
112 silly idealTree ├── ansi-regex@2.1.1
112 silly idealTree ├── ansicolors@0.2.1
112 silly idealTree ├── append-field@0.1.0
112 silly idealTree ├── array-find-index@1.0.2
112 silly idealTree ├── array-flatten@1.1.1
112 silly idealTree ├── asap@2.0.3
112 silly idealTree ├── asn1@0.2.3
112 silly idealTree ├── assert-plus@1.0.0
112 silly idealTree ├── assertion-error@1.0.2
112 silly idealTree ├── async@1.5.2
112 silly idealTree ├── asynckit@0.4.0
112 silly idealTree ├── aws-sign2@0.7.0
112 silly idealTree ├── aws4@1.6.0
112 silly idealTree ├── balanced-match@0.3.0
112 silly idealTree ├── base64-url@1.2.1
112 silly idealTree ├── bcrypt-pbkdf@1.0.1
112 silly idealTree ├── bignumber.js@4.0.4
112 silly idealTree ├── bluebird@3.5.1
112 silly idealTree ├── body-parser@1.15.0
112 silly idealTree ├── boom@4.3.1
112 silly idealTree ├── brace-expansion@1.1.3
112 silly idealTree ├── builtin-modules@1.1.1
112 silly idealTree ├── busboy@0.2.13
112 silly idealTree ├── bytes@2.2.0
112 silly idealTree ├── camelcase@1.2.1
112 silly idealTree ├─┬ camelcase-keys@2.1.0
112 silly idealTree │ └── camelcase@2.1.1
112 silly idealTree ├── cardinal@1.0.0
112 silly idealTree ├── caseless@0.12.0
112 silly idealTree ├── center-align@0.1.3
112 silly idealTree ├── chai@4.1.2
112 silly idealTree ├── check-error@1.0.2
112 silly idealTree ├─┬ cliui@2.1.0
112 silly idealTree │ └── wordwrap@0.0.2
112 silly idealTree ├── clone@1.0.2
112 silly idealTree ├── cls-bluebird@2.0.1
112 silly idealTree ├── co@4.6.0
112 silly idealTree ├── code-point-at@1.1.0
112 silly idealTree ├── combined-stream@1.0.5
112 silly idealTree ├── commander@1.0.4
112 silly idealTree ├── concat-map@0.0.1
112 silly idealTree ├─┬ concat-stream@1.5.1
112 silly idealTree │ ├── isarray@1.0.0
112 silly idealTree │ └── readable-stream@2.0.6
112 silly idealTree ├── content-disposition@0.5.1
112 silly idealTree ├── content-type@1.0.1
112 silly idealTree ├── cookie@0.1.5
112 silly idealTree ├── cookie-signature@1.0.6
112 silly idealTree ├── core-util-is@1.0.2
112 silly idealTree ├── crc@3.4.0
112 silly idealTree ├─┬ cryptiles@3.1.2
112 silly idealTree │ └── boom@5.2.0
112 silly idealTree ├── currently-unhandled@0.4.1
112 silly idealTree ├── dashdash@1.14.1
112 silly idealTree ├── debug@2.2.0
112 silly idealTree ├─┬ debug-stream@3.0.1
112 silly idealTree │ ├── inherits@2.0.3
112 silly idealTree │ ├── isarray@1.0.0
112 silly idealTree │ ├── readable-stream@2.3.3
112 silly idealTree │ ├── string_decoder@1.0.3
112 silly idealTree │ └── through2@2.0.3
112 silly idealTree ├── decamelize@1.2.0
112 silly idealTree ├─┬ deep-defaults@1.0.4
112 silly idealTree │ └── lodash@3.0.1
112 silly idealTree ├── deep-eql@3.0.1
112 silly idealTree ├── deep-extend@0.4.2
112 silly idealTree ├── defaults@1.0.3
112 silly idealTree ├── define-properties@1.1.2
112 silly idealTree ├── delayed-stream@1.0.0
112 silly idealTree ├── denque@1.2.2
112 silly idealTree ├── depd@1.1.0
112 silly idealTree ├── destroy@1.0.4
112 silly idealTree ├── dicer@0.2.5
112 silly idealTree ├── dottie@2.0.0
112 silly idealTree ├─┬ duplexify@3.5.1
112 silly idealTree │ ├── isarray@1.0.0
112 silly idealTree │ ├─┬ readable-stream@2.3.3
112 silly idealTree │ │ └── inherits@2.0.3
112 silly idealTree │ └── string_decoder@1.0.3
112 silly idealTree ├── ecc-jsbn@0.1.1
112 silly idealTree ├── ee-first@1.1.1
112 silly idealTree ├─┬ electron@1.7.9
112 silly idealTree │ └── @types/node@7.0.46
112 silly idealTree ├─┬ electron-download@3.3.0
112 silly idealTree │ ├── fs-extra@0.30.0
112 silly idealTree │ └── minimist@1.2.0
112 silly idealTree ├── end-of-stream@1.1.0
112 silly idealTree ├─┬ enqueue@1.0.2
112 silly idealTree │ └── sliced@0.0.5
112 silly idealTree ├── error-ex@1.3.1
112 silly idealTree ├── es6-promise@4.0.5
112 silly idealTree ├── escape-html@1.0.3
112 silly idealTree ├── esprima@3.0.0
112 silly idealTree ├── etag@1.7.0
112 silly idealTree ├─┬ express@4.13.4
112 silly idealTree │ └── qs@4.0.0
112 silly idealTree ├── express-handlebars@3.0.0
112 silly idealTree ├─┬ express-session@1.13.0
112 silly idealTree │ └── cookie@0.2.3
112 silly idealTree ├── extend@3.0.1
112 silly idealTree ├─┬ extract-zip@1.6.5
112 silly idealTree │ ├── concat-stream@1.6.0
112 silly idealTree │ ├── inherits@2.0.3
112 silly idealTree │ ├── isarray@1.0.0
112 silly idealTree │ ├── minimist@0.0.8
112 silly idealTree │ ├── mkdirp@0.5.0
112 silly idealTree │ ├── readable-stream@2.3.3
112 silly idealTree │ └── string_decoder@1.0.3
112 silly idealTree ├── extsprintf@1.3.0
112 silly idealTree ├── fast-deep-equal@1.0.0
112 silly idealTree ├── fast-json-stable-stringify@2.0.0
112 silly idealTree ├── fd-slicer@1.0.1
112 silly idealTree ├── finalhandler@0.4.1
112 silly idealTree ├── find-up@1.1.2
112 silly idealTree ├── foreach@2.0.5
112 silly idealTree ├── forever-agent@0.6.1
112 silly idealTree ├─┬ form-data@2.3.1
112 silly idealTree │ ├── mime-db@1.30.0
112 silly idealTree │ └── mime-types@2.1.17
112 silly idealTree ├── forwarded@0.1.0
112 silly idealTree ├── fresh@0.3.0
112 silly idealTree ├── fs-extra@1.0.0
112 silly idealTree ├── fs.realpath@1.0.0
112 silly idealTree ├── function-bind@1.1.0
112 silly idealTree ├── function-source@0.1.0
112 silly idealTree ├─┬ fwd-stream@1.0.4
112 silly idealTree │ └── readable-stream@1.0.34
112 silly idealTree ├── generate-function@2.0.0
112 silly idealTree ├── generic-pool@3.2.0
112 silly idealTree ├── get-func-name@2.0.0
112 silly idealTree ├── get-stdin@4.0.1
112 silly idealTree ├── getpass@0.1.7
112 silly idealTree ├── glob@6.0.4
112 silly idealTree ├── graceful-fs@4.1.3
112 silly idealTree ├── handlebars@4.0.5
112 silly idealTree ├── har-schema@2.0.0
112 silly idealTree ├── har-validator@5.0.3
112 silly idealTree ├── hasha@2.2.0
112 silly idealTree ├── hat@0.0.3
112 silly idealTree ├── hawk@6.0.2
112 silly idealTree ├── hoek@4.2.0
112 silly idealTree ├── home-path@1.0.5
112 silly idealTree ├── hosted-git-info@2.5.0
112 silly idealTree ├── http-errors@1.4.0
112 silly idealTree ├── http-signature@1.2.0
112 silly idealTree ├── iconv-lite@0.4.13
112 silly idealTree ├── indent-string@2.1.0
112 silly idealTree ├── inflection@1.12.0
112 silly idealTree ├── inflight@1.0.4
112 silly idealTree ├── inherits@2.0.1
112 silly idealTree ├── ini@1.3.4
112 silly idealTree ├── ipaddr.js@1.0.5
112 silly idealTree ├── is-arrayish@0.2.1
112 silly idealTree ├── is-bluebird@1.0.2
112 silly idealTree ├── is-buffer@1.1.3
112 silly idealTree ├── is-builtin-module@1.0.0
112 silly idealTree ├── is-finite@1.0.2
112 silly idealTree ├── is-fullwidth-code-point@1.0.0
112 silly idealTree ├── is-stream@1.1.0
112 silly idealTree ├── is-typedarray@1.0.0
112 silly idealTree ├── is-utf8@0.2.1
112 silly idealTree ├── isarray@0.0.1
112 silly idealTree ├── isexe@2.0.0
112 silly idealTree ├── isstream@0.1.2
112 silly idealTree ├── jquery@3.2.1
112 silly idealTree ├── jsbn@0.1.1
112 silly idealTree ├── jsesc@0.5.0
112 silly idealTree ├── json-schema@0.2.3
112 silly idealTree ├── json-schema-traverse@0.3.1
112 silly idealTree ├── json-stable-stringify@1.0.1
112 silly idealTree ├── json-stringify-safe@5.0.1
112 silly idealTree ├─┬ jsonfile@2.4.0
112 silly idealTree │ └── graceful-fs@4.1.11
112 silly idealTree ├── jsonify@0.0.0
112 silly idealTree ├── jsprim@1.4.1
112 silly idealTree ├── kew@0.7.0
112 silly idealTree ├── keypress@0.1.0
112 silly idealTree ├── kind-of@3.0.2
112 silly idealTree ├─┬ klaw@1.3.1
112 silly idealTree │ └── graceful-fs@4.1.11
112 silly idealTree ├── lazy-cache@1.0.3
112 silly idealTree ├─┬ ldjson-stream@1.2.1
112 silly idealTree │ ├── readable-stream@1.0.34
112 silly idealTree │ ├── split2@0.2.1
112 silly idealTree │ └── through2@0.6.5
112 silly idealTree ├── load-json-file@1.1.0
112 silly idealTree ├── lodash@4.17.4
112 silly idealTree ├── long@3.2.0
112 silly idealTree ├── longest@1.0.1
112 silly idealTree ├── loud-rejection@1.6.0
112 silly idealTree ├── lru-cache@4.1.1
112 silly idealTree ├── map-obj@1.0.1
112 silly idealTree ├── media-typer@0.3.0
112 silly idealTree ├─┬ meow@3.7.0
112 silly idealTree │ ├── minimist@1.2.0
112 silly idealTree │ └── object-assign@4.1.1
112 silly idealTree ├── merge-descriptors@1.0.1
112 silly idealTree ├── methods@1.1.2
112 silly idealTree ├── mime@1.3.4
112 silly idealTree ├── mime-db@1.22.0
112 silly idealTree ├── mime-types@2.1.10
112 silly idealTree ├── minimatch@3.0.0
112 silly idealTree ├── minimist@0.0.10
112 silly idealTree ├── minstache@1.2.0
112 silly idealTree ├─┬ mkdirp@0.5.1
112 silly idealTree │ └── minimist@0.0.8
112 silly idealTree ├── moment@2.12.0
112 silly idealTree ├── moment-timezone@0.5.14
112 silly idealTree ├── ms@0.7.1
112 silly idealTree ├── multer@1.1.0
112 silly idealTree ├─┬ mysql@2.15.0
112 silly idealTree │ ├── inherits@2.0.3
112 silly idealTree │ ├── isarray@1.0.0
112 silly idealTree │ ├── readable-stream@2.3.3
112 silly idealTree │ └── string_decoder@1.0.3
112 silly idealTree ├─┬ mysql2@1.4.2
112 silly idealTree │ ├── iconv-lite@0.4.19
112 silly idealTree │ ├── inherits@2.0.3
112 silly idealTree │ ├── isarray@1.0.0
112 silly idealTree │ ├── object-assign@4.1.1
112 silly idealTree │ ├── readable-stream@2.3.2
112 silly idealTree │ └── string_decoder@1.0.3
112 silly idealTree ├─┬ named-placeholders@1.1.1
112 silly idealTree │ └── lru-cache@2.5.0
112 silly idealTree ├── negotiator@0.5.3
112 silly idealTree ├── nightmare@2.10.0
112 silly idealTree ├── node@8.5.0
112 silly idealTree ├── node-bin-setup@1.0.6
112 silly idealTree ├── nodemailer@4.3.1
112 silly idealTree ├── normalize-package-data@2.4.0
112 silly idealTree ├─┬ nugget@2.0.1
112 silly idealTree │ ├── minimist@1.2.0
112 silly idealTree │ └── throttleit@0.0.2
112 silly idealTree ├── number-is-nan@1.0.1
112 silly idealTree ├── oauth-sign@0.8.2
112 silly idealTree ├── object-assign@3.0.0
112 silly idealTree ├── object-keys@1.0.9
112 silly idealTree ├── object.assign@4.0.3
112 silly idealTree ├── on-finished@2.3.0
112 silly idealTree ├── on-headers@1.0.1
112 silly idealTree ├── once@1.3.3
112 silly idealTree ├── optimist@0.6.1
112 silly idealTree ├── parse-json@2.2.0
112 silly idealTree ├── parseurl@1.3.1
112 silly idealTree ├── path-exists@2.1.0
112 silly idealTree ├── path-is-absolute@1.0.0
112 silly idealTree ├── path-to-regexp@0.1.7
112 silly idealTree ├── path-type@1.1.0
112 silly idealTree ├── pathval@1.1.0
112 silly idealTree ├── pend@1.2.0
112 silly idealTree ├── performance-now@2.1.0
112 silly idealTree ├─┬ phantom-render-stream@2.2.0
112 silly idealTree │ ├── concat-stream@1.6.0
112 silly idealTree │ ├── inherits@2.0.3
112 silly idealTree │ ├── isarray@1.0.0
112 silly idealTree │ ├── readable-stream@2.3.3
112 silly idealTree │ └── string_decoder@1.0.3
112 silly idealTree ├─┬ phantomjs-prebuilt@2.1.15
112 silly idealTree │ ├── ajv@4.11.8
112 silly idealTree │ ├── assert-plus@0.2.0
112 silly idealTree │ ├── aws-sign2@0.6.0
112 silly idealTree │ ├── boom@2.10.1
112 silly idealTree │ ├── cryptiles@2.0.5
112 silly idealTree │ ├─┬ form-data@2.1.4
112 silly idealTree │ │ └── mime-types@2.1.17
112 silly idealTree │ ├── har-schema@1.0.5
112 silly idealTree │ ├── har-validator@4.2.1
112 silly idealTree │ ├── hawk@3.1.3
112 silly idealTree │ ├── hoek@2.16.3
112 silly idealTree │ ├── http-signature@1.1.1
112 silly idealTree │ ├── mime-db@1.30.0
112 silly idealTree │ ├── performance-now@0.2.0
112 silly idealTree │ ├── qs@6.4.0
112 silly idealTree │ ├── request@2.81.0
112 silly idealTree │ └── sntp@1.0.9
112 silly idealTree ├── pify@2.3.0
112 silly idealTree ├── pinkie@2.0.4
112 silly idealTree ├── pinkie-promise@2.0.1
112 silly idealTree ├── pretty-bytes@1.0.4
112 silly idealTree ├── process-nextick-args@1.0.6
112 silly idealTree ├── progress@1.1.8
112 silly idealTree ├── progress-stream@1.2.0
112 silly idealTree ├── promise@7.1.1
112 silly idealTree ├── proxy-addr@1.0.10
112 silly idealTree ├── pseudomap@1.0.2
112 silly idealTree ├── punycode@1.4.1
112 silly idealTree ├── qs@6.1.0
112 silly idealTree ├── range-parser@1.0.3
112 silly idealTree ├─┬ raw-body@2.1.6
112 silly idealTree │ └── bytes@2.3.0
112 silly idealTree ├─┬ rc@1.2.2
112 silly idealTree │ └── minimist@1.2.0
112 silly idealTree ├── read-pkg@1.1.0
112 silly idealTree ├── read-pkg-up@1.0.1
112 silly idealTree ├── readable-stream@1.1.13
112 silly idealTree ├── redent@1.0.0
112 silly idealTree ├── redeyed@1.0.1
112 silly idealTree ├── repeat-string@1.5.4
112 silly idealTree ├── repeating@2.0.1
112 silly idealTree ├─┬ request@2.83.0
112 silly idealTree │ ├── mime-db@1.30.0
112 silly idealTree │ ├── mime-types@2.1.17
112 silly idealTree │ └── qs@6.5.1
112 silly idealTree ├── request-progress@2.0.1
112 silly idealTree ├─┬ retry-as-promised@2.3.2
112 silly idealTree │ ├── debug@2.6.9
112 silly idealTree │ └── ms@2.0.0
112 silly idealTree ├── right-align@0.1.3
112 silly idealTree ├─┬ rimraf@2.6.2
112 silly idealTree │ ├── balanced-match@1.0.0
112 silly idealTree │ ├── brace-expansion@1.1.8
112 silly idealTree │ ├── glob@7.1.2
112 silly idealTree │ └── minimatch@3.0.4
112 silly idealTree ├── C:\Users\Deidra\TimenDinero\node_modules\routes
112 silly idealTree ├── safe-buffer@5.1.1
112 silly idealTree ├── semver@5.4.1
112 silly idealTree ├─┬ send@0.13.1
112 silly idealTree │ └── http-errors@1.3.1
112 silly idealTree ├── seq-queue@0.0.5
112 silly idealTree ├─┬ sequelize@4.22.4
112 silly idealTree │ ├── debug@3.1.0
112 silly idealTree │ ├── moment@2.19.1
112 silly idealTree │ ├── ms@2.0.0
112 silly idealTree │ └── validator@9.1.1
112 silly idealTree ├── serve-static@1.10.2
112 silly idealTree ├── server-destroy@1.0.1
112 silly idealTree ├── shimmer@1.1.0
112 silly idealTree ├── signal-exit@3.0.2
112 silly idealTree ├── single-line-log@1.1.2
112 silly idealTree ├── sliced@1.0.1
112 silly idealTree ├── sntp@2.1.0
112 silly idealTree ├── source-map@0.4.4
112 silly idealTree ├── spdx-correct@1.0.2
112 silly idealTree ├── spdx-expression-parse@1.0.4
112 silly idealTree ├── spdx-license-ids@1.2.2
112 silly idealTree ├── speedometer@0.1.4
112 silly idealTree ├─┬ split2@2.2.0
112 silly idealTree │ ├── inherits@2.0.3
112 silly idealTree │ ├── isarray@1.0.0
112 silly idealTree │ ├── readable-stream@2.3.3
112 silly idealTree │ ├── string_decoder@1.0.3
112 silly idealTree │ └── through2@2.0.3
112 silly idealTree ├── sqlstring@2.3.0
112 silly idealTree ├── sshpk@1.13.1
112 silly idealTree ├── statuses@1.2.1
112 silly idealTree ├── stream-shift@1.0.0
112 silly idealTree ├── streamsearch@0.1.2
112 silly idealTree ├── string_decoder@0.10.31
112 silly idealTree ├── string-width@1.0.2
112 silly idealTree ├── stringstream@0.0.5
112 silly idealTree ├── strip-ansi@3.0.1
112 silly idealTree ├── strip-bom@2.0.0
112 silly idealTree ├── strip-indent@1.0.1
112 silly idealTree ├── strip-json-comments@2.0.1
112 silly idealTree ├── sumchecker@1.3.1
112 silly idealTree ├── terraformer@1.0.8
112 silly idealTree ├── terraformer-wkt-parser@1.1.2
112 silly idealTree ├── throttleit@1.0.0
112 silly idealTree ├─┬ through2@0.2.3
112 silly idealTree │ ├── object-keys@0.4.0
112 silly idealTree │ └── xtend@2.1.2
112 silly idealTree ├── thunky@1.0.2
112 silly idealTree ├── toposort-class@1.0.1
112 silly idealTree ├── tough-cookie@2.3.3
112 silly idealTree ├── trim-newlines@1.0.0
112 silly idealTree ├── tunnel-agent@0.6.0
112 silly idealTree ├── tweetnacl@0.14.5
112 silly idealTree ├── type-detect@4.0.3
112 silly idealTree ├── type-is@1.6.12
112 silly idealTree ├── typedarray@0.0.6
112 silly idealTree ├─┬ uglify-js@2.6.2
112 silly idealTree │ ├── async@0.2.10
112 silly idealTree │ └── source-map@0.5.3
112 silly idealTree ├── uglify-to-browserify@1.0.2
112 silly idealTree ├── uid-safe@2.0.0
112 silly idealTree ├── unpipe@1.0.0
112 silly idealTree ├── util-deprecate@1.0.2
112 silly idealTree ├── utils-merge@1.0.0
112 silly idealTree ├── uuid@3.1.0
112 silly idealTree ├── validate-npm-package-license@3.0.1
112 silly idealTree ├── vary@1.0.1
112 silly idealTree ├── verror@1.10.0
112 silly idealTree ├── which@1.2.14
112 silly idealTree ├── window-size@0.1.0
112 silly idealTree ├── wkx@0.4.2
112 silly idealTree ├── wordwrap@0.0.3
112 silly idealTree ├── wrappy@1.0.1
112 silly idealTree ├── xtend@4.0.1
112 silly idealTree ├── yallist@2.1.2
112 silly idealTree ├── yargs@3.10.0
112 silly idealTree └── yauzl@2.4.1
113 silly generateActionsToTake Starting
114 silly install generateActionsToTake
115 silly generateActionsToTake Finishing
116 silly diffTrees action count 2
117 silly diffTrees add node-bin-setup@1.0.6
118 silly diffTrees add node@8.5.0
119 silly decomposeActions action count 16
120 silly decomposeActions fetch node-bin-setup@1.0.6
121 silly decomposeActions extract node-bin-setup@1.0.6
122 silly decomposeActions preinstall node-bin-setup@1.0.6
123 silly decomposeActions build node-bin-setup@1.0.6
124 silly decomposeActions install node-bin-setup@1.0.6
125 silly decomposeActions postinstall node-bin-setup@1.0.6
126 silly decomposeActions test node-bin-setup@1.0.6
127 silly decomposeActions finalize node-bin-setup@1.0.6
128 silly decomposeActions fetch node@8.5.0
129 silly decomposeActions extract node@8.5.0
130 silly decomposeActions preinstall node@8.5.0
131 silly decomposeActions build node@8.5.0
132 silly decomposeActions install node@8.5.0
133 silly decomposeActions postinstall node@8.5.0
134 silly decomposeActions test node@8.5.0
135 silly decomposeActions finalize node@8.5.0
136 silly executeActions Starting
137 silly install executeActions
138 silly doSerial global-install 0
139 silly doParallel fetch 2
140 verbose lock using C:\Users\Deidra\AppData\Roaming\npm-cache\_locks\staging-cffc3ab77d772a54.lock for C:\Users\Deidra\TimenDinero\node_modules\.staging
141 silly doParallel extract 2
142 silly extract node-bin-setup
143 silly extract node
144 verbose unbuild node_modules\.staging\node-bin-setup-0b7b9ba8c550823202935200706d11b0
145 verbose unbuild node_modules\.staging\node-f47d9e45688a927af70004010780eaf7
146 silly gentlyRm C:\Users\Deidra\TimenDinero\node_modules\.staging\node-bin-setup-0b7b9ba8c550823202935200706d11b0 is being purged from base C:\Users\Deidra\TimenDinero
147 verbose gentlyRm don't care about contents; nuking C:\Users\Deidra\TimenDinero\node_modules\.staging\node-bin-setup-0b7b9ba8c550823202935200706d11b0
148 silly gentlyRm C:\Users\Deidra\TimenDinero\node_modules\.staging\node-f47d9e45688a927af70004010780eaf7 is being purged from base C:\Users\Deidra\TimenDinero
149 verbose tar unpack C:\Users\Deidra\AppData\Roaming\npm-cache\node-bin-setup\1.0.6\package.tgz
150 verbose tar unpacking to C:\Users\Deidra\TimenDinero\node_modules\.staging\node-bin-setup-0b7b9ba8c550823202935200706d11b0
151 silly gentlyRm C:\Users\Deidra\TimenDinero\node_modules\.staging\node-bin-setup-0b7b9ba8c550823202935200706d11b0 is being purged
152 verbose gentlyRm don't care about contents; nuking C:\Users\Deidra\TimenDinero\node_modules\.staging\node-f47d9e45688a927af70004010780eaf7
153 verbose gentlyRm don't care about contents; nuking C:\Users\Deidra\TimenDinero\node_modules\.staging\node-bin-setup-0b7b9ba8c550823202935200706d11b0
154 verbose tar unpack C:\Users\Deidra\AppData\Roaming\npm-cache\node\8.5.0\package.tgz
155 verbose tar unpacking to C:\Users\Deidra\TimenDinero\node_modules\.staging\node-f47d9e45688a927af70004010780eaf7
156 silly gentlyRm C:\Users\Deidra\TimenDinero\node_modules\.staging\node-f47d9e45688a927af70004010780eaf7 is being purged
157 silly gunzTarPerm modes [ '777', '666' ]
158 verbose gentlyRm don't care about contents; nuking C:\Users\Deidra\TimenDinero\node_modules\.staging\node-f47d9e45688a927af70004010780eaf7
159 silly gunzTarPerm modes [ '777', '666' ]
160 silly gunzTarPerm extractEntry package.json
161 silly gunzTarPerm modified mode [ 'package.json', 420, 438 ]
162 silly gunzTarPerm extractEntry package.json
163 silly gunzTarPerm modified mode [ 'package.json', 420, 438 ]
164 silly gunzTarPerm extractEntry index.js
165 silly gunzTarPerm modified mode [ 'index.js', 420, 438 ]
166 silly gunzTarPerm extractEntry installArchSpecificPackage.js
167 silly gunzTarPerm modified mode [ 'installArchSpecificPackage.js', 420, 438 ]
168 silly gunzTarPerm extractEntry README.md
169 silly gunzTarPerm modified mode [ 'README.md', 420, 438 ]
170 silly doParallel preinstall 2
171 silly preinstall node-bin-setup C:\Users\Deidra\TimenDinero\node_modules\.staging\node-bin-setup-0b7b9ba8c550823202935200706d11b0
172 info lifecycle node-bin-setup@1.0.6~preinstall: node-bin-setup@1.0.6
173 silly preinstall node C:\Users\Deidra\TimenDinero\node_modules\.staging\node-f47d9e45688a927af70004010780eaf7
174 info lifecycle node@8.5.0~preinstall: node@8.5.0
175 silly lifecycle node-bin-setup@1.0.6~preinstall: no script for preinstall, continuing
176 verbose lifecycle node@8.5.0~preinstall: unsafe-perm in lifecycle true
177 verbose lifecycle node@8.5.0~preinstall: PATH: C:\Program Files (x86)\Microsoft Visual Studio\2017\Professional\Web\External\node_modules\npm\bin\node-gyp-bin;C:\Users\Deidra\TimenDinero\node_modules\.staging\node-f47d9e45688a927af70004010780eaf7\node_modules\.bin;C:\Users\Deidra\TimenDinero\node_modules\.bin;.\node_modules\.bin;C:\Program Files (x86)\Microsoft Visual Studio\2017\Professional\Web\External;C:\Program Files (x86)\Microsoft Visual Studio\2017\Professional\Common7\IDE\CommonExtensions\Microsoft\TeamFoundation\Team Explorer\NativeBinaries\x86;C:\Program Files\Microsoft MPI\Bin\;C:\Program Files (x86)\Intel\iCLS Client\;C:\Program Files\Intel\iCLS Client\;C:\WINDOWS\system32;C:\WINDOWS;C:\WINDOWS\System32\Wbem;C:\WINDOWS\System32\WindowsPowerShell\v1.0\;C:\Program Files (x86)\Intel\Intel(R) Management Engine Components\DAL;C:\Program Files\Intel\Intel(R) Management Engine Components\DAL;C:\Program Files (x86)\Intel\Intel(R) Management Engine Components\IPT;C:\Program Files\Intel\Intel(R) Management Engine Components\IPT;C:\Program Files\Intel\WiFi\bin\;C:\Program Files\Common Files\Intel\WirelessCommon\;C:\Program Files\Microsoft SQL Server\130\Tools\Binn\;C:\Program Files\dotnet\;C:\Program Files (x86)\Xoreax\IncrediBuild;C:\Program Files\Anaconda3;C:\Program Files\Anaconda3\Scripts;C:\Program Files\Anaconda3\Library\bin;C:\Program Files\Git\cmd;C:\Program Files\nodejs\;C:\Users\Deidra\AppData\Local\Microsoft\WindowsApps;C:\Program Files\Heroku\bin;C:\Users\Deidra\AppData\Roaming\npm;;C:\Program Files (x86)\Microsoft Visual Studio\2017\Professional\Common7\IDE\CommonExtensions\Microsoft\TeamFoundation\Team Explorer\Git\cmd;C:\Program Files (x86)\Microsoft Visual Studio\2017\Professional\Common7\IDE\CommonExtensions\Microsoft\TeamFoundation\Team Explorer\Git\mingw32\bin
178 verbose lifecycle node@8.5.0~preinstall: CWD: C:\Users\Deidra\TimenDinero\node_modules\.staging\node-f47d9e45688a927af70004010780eaf7
179 silly lifecycle node@8.5.0~preinstall: Args: [ '/d /s /c', 'node installArchSpecificPackage' ]
180 silly lifecycle node@8.5.0~preinstall: Returned: code: 1  signal: null
181 info lifecycle node@8.5.0~preinstall: Failed to exec preinstall script
182 verbose unlock done using C:\Users\Deidra\AppData\Roaming\npm-cache\_locks\staging-cffc3ab77d772a54.lock for C:\Users\Deidra\TimenDinero\node_modules\.staging
183 silly rollbackFailedOptional Starting
184 silly rollbackFailedOptional Finishing
185 silly runTopLevelLifecycles Starting
186 silly runTopLevelLifecycles Finishing
187 silly install printInstalled
188 warn ENOENT ENOENT: no such file or directory, open 'C:\Users\Deidra\TimenDinero\node_modules\routes\package.json'
189 verbose stack Error: node@8.5.0 preinstall: `node installArchSpecificPackage`
189 verbose stack Exit status 1
189 verbose stack     at EventEmitter.<anonymous> (C:\Program Files (x86)\Microsoft Visual Studio\2017\Professional\Web\External\node_modules\npm\lib\utils\lifecycle.js:233:16)
189 verbose stack     at emitTwo (events.js:87:13)
189 verbose stack     at EventEmitter.emit (events.js:172:7)
189 verbose stack     at ChildProcess.<anonymous> (C:\Program Files (x86)\Microsoft Visual Studio\2017\Professional\Web\External\node_modules\npm\lib\utils\spawn.js:24:14)
189 verbose stack     at emitTwo (events.js:87:13)
189 verbose stack     at ChildProcess.emit (events.js:172:7)
189 verbose stack     at maybeClose (internal/child_process.js:821:16)
189 verbose stack     at Process.ChildProcess._handle.onexit (internal/child_process.js:211:5)
190 verbose pkgid node@8.5.0
191 verbose cwd C:\Users\Deidra\TimenDinero
192 error Windows_NT 10.0.16299
193 error argv "C:\\Program Files (x86)\\Microsoft Visual Studio\\2017\\Professional\\Web\\External\\Node.exe" "C:\\Program Files (x86)\\Microsoft Visual Studio\\2017\\Professional\\Web\\External\\node_modules\\npm\\bin\\npm-cli.js" "install"
194 error node v5.4.1
195 error npm  v3.3.4
196 error code ELIFECYCLE
197 error node@8.5.0 preinstall: `node installArchSpecificPackage`
197 error Exit status 1
198 error Failed at the node@8.5.0 preinstall script 'node installArchSpecificPackage'.
198 error This is most likely a problem with the node package,
198 error not with npm itself.
198 error Tell the author that this fails on your system:
198 error     node installArchSpecificPackage
198 error You can get their info via:
198 error     npm owner ls node
198 error There is likely additional logging output above.
199 verbose exit [ 1, true ]
